[0m[[0m[0mdebug[0m] [0m[0m> Exec(;Test/compile; collectAnalyses, None, Some(CommandSource(network-2)))[0m
[0m[[0m[0mdebug[0m] [0m[0mjsonRpcNotify: JsonRpcNotificationMessage(2.0, build/logMessage, {"type":4,"message":"Processing"})[0m
[0m[[0m[0mdebug[0m] [0m[0mjsonRpcNotify: JsonRpcNotificationMessage(2.0, build/logMessage, {"type":4,"message":"Done"})[0m
[0m[[0m[0mdebug[0m] [0m[0m> Exec(Test/compile, None, Some(CommandSource(network-2)))[0m
[0m[[0m[0mdebug[0m] [0m[0mjsonRpcNotify: JsonRpcNotificationMessage(2.0, build/logMessage, {"type":4,"message":"Processing"})[0m
[0m[[0m[0mdebug[0m] [0m[0mEvaluating tasks: Test / compile[0m
[0m[[0m[0mdebug[0m] [0m[0mRunning task... Cancel: Signal, check cycles: false, forcegc: true[0m
[0m[[0m[0mdebug[0m] [0m[0mjsonRpcNotify: JsonRpcNotificationMessage(2.0, build/taskStart, {"taskId":{"id":"27","parents":[]},"eventTime":1606967041556,"message":"Compiling task16","dataKind":"compile-task","data":{"target":{"uri":"file:/home/marcus/Mindbender_BD/task16/#task16/Compile"}}})[0m
[0m[[0m[0minfo[0m] [0m[0mcompiling 1 Scala source to /home/marcus/Mindbender_BD/task16/target/scala-2.11/classes ...[0m
[0m[[0m[0mdebug[0m] [0m[0mjsonRpcNotify: JsonRpcNotificationMessage(2.0, build/logMessage, {"type":3,"message":"compiling 1 Scala source to /home/marcus/Mindbender_BD/task16/target/scala-2.11/classes ..."})[0m
[0m[[0m[0mdebug[0m] [0m[0mjsonRpcNotify: JsonRpcNotificationMessage(2.0, build/publishDiagnostics, {"textDocument":{"uri":"file:///home/marcus/Mindbender_BD/task16/src/main/scala/Steamhandler.scala"},"buildTarget":{"uri":"file:/home/marcus/Mindbender_BD/task16/#task16/Compile"},"diagnostics":[],"reset":true})[0m
[0m[[0m[0mdebug[0m] [0m[0mjsonRpcNotify: JsonRpcNotificationMessage(2.0, build/taskFinish, {"taskId":{"id":"27","parents":[]},"eventTime":1606967042806,"message":"Compiled task16","status":1,"dataKind":"compile-report","data":{"target":{"uri":"file:/home/marcus/Mindbender_BD/task16/#task16/Compile"},"errors":0,"warnings":0,"time":1250}})[0m
[0m[[0m[0mdebug[0m] [0m[0mjsonRpcNotify: JsonRpcNotificationMessage(2.0, build/taskStart, {"taskId":{"id":"28","parents":[]},"eventTime":1606967042839,"message":"Compiling task16-test","dataKind":"compile-task","data":{"target":{"uri":"file:/home/marcus/Mindbender_BD/task16/#task16/Test"}}})[0m
[0m[[0m[0mdebug[0m] [0m[0mjsonRpcNotify: JsonRpcNotificationMessage(2.0, build/taskFinish, {"taskId":{"id":"28","parents":[]},"eventTime":1606967042858,"message":"Compiled task16-test","status":1,"dataKind":"compile-report","data":{"target":{"uri":"file:/home/marcus/Mindbender_BD/task16/#task16/Test"},"errors":0,"warnings":0,"time":19}})[0m
[0m[[0m[0mdebug[0m] [0m[0mForcing garbage collection...[0m
[0m[[0m[32msuccess[0m] [0m[0mTotal time: 3 s, completed Dec 2, 2020 10:44:03 PM[0m
[0m[[0m[0mdebug[0m] [0m[0mjsonRpcNotify: JsonRpcNotificationMessage(2.0, build/logMessage, {"type":4,"message":"Done"})[0m
[0m[[0m[0mdebug[0m] [0m[0m> Exec(collectAnalyses, None, Some(CommandSource(network-2)))[0m
[0m[[0m[0mdebug[0m] [0m[0mjsonRpcNotify: JsonRpcNotificationMessage(2.0, build/logMessage, {"type":4,"message":"Processing"})[0m
[0m[[0m[0mdebug[0m] [0m[0mEvaluating tasks: Compile / collectAnalyses[0m
[0m[[0m[0mdebug[0m] [0m[0mRunning task... Cancel: Signal, check cycles: false, forcegc: true[0m
[0m[[0m[0mdebug[0m] [0m[0manalysis location (/home/marcus/Mindbender_BD/task16/target/scala-2.11/zinc/inc_compile_2.11.zip,true)[0m
[0m[[0m[32msuccess[0m] [0m[0mTotal time: 0 s, completed Dec 2, 2020 10:44:03 PM[0m
[0m[[0m[0mdebug[0m] [0m[0mjsonRpcNotify: JsonRpcNotificationMessage(2.0, build/logMessage, {"type":4,"message":"Done"})[0m
[0m[[0m[0mdebug[0m] [0m[0m> Exec(shell, None, None)[0m
