[0m[[0m[0mdebug[0m] [0m[0m> Exec(;Test/compile; collectAnalyses, None, Some(CommandSource(network-2)))[0m
[0m[[0m[0mdebug[0m] [0m[0mjsonRpcNotify: JsonRpcNotificationMessage(2.0, build/logMessage, {"type":4,"message":"Processing"})[0m
[0m[[0m[0mdebug[0m] [0m[0mjsonRpcNotify: JsonRpcNotificationMessage(2.0, build/logMessage, {"type":4,"message":"Done"})[0m
[0m[[0m[0mdebug[0m] [0m[0m> Exec(Test/compile, None, Some(CommandSource(network-2)))[0m
[0m[[0m[0mdebug[0m] [0m[0mjsonRpcNotify: JsonRpcNotificationMessage(2.0, build/logMessage, {"type":4,"message":"Processing"})[0m
[0m[[0m[0mdebug[0m] [0m[0mEvaluating tasks: Test / compile[0m
[0m[[0m[0mdebug[0m] [0m[0mRunning task... Cancel: Signal, check cycles: false, forcegc: true[0m
[0m[[0m[0mdebug[0m] [0m[0mjsonRpcNotify: JsonRpcNotificationMessage(2.0, build/taskStart, {"taskId":{"id":"39","parents":[]},"eventTime":1606955136257,"message":"Compiling task16","dataKind":"compile-task","data":{"target":{"uri":"file:/home/marcus/Mindbender_BD/task16/#task16/Compile"}}})[0m
[0m[[0m[0minfo[0m] [0m[0mcompiling 1 Scala source to /home/marcus/Mindbender_BD/task16/target/scala-2.11/classes ...[0m
[0m[[0m[0mdebug[0m] [0m[0mjsonRpcNotify: JsonRpcNotificationMessage(2.0, build/logMessage, {"type":3,"message":"compiling 1 Scala source to /home/marcus/Mindbender_BD/task16/target/scala-2.11/classes ..."})[0m
[0m[[0m[0mdebug[0m] [0m[0mjsonRpcNotify: JsonRpcNotificationMessage(2.0, build/publishDiagnostics, {"textDocument":{"uri":"file:///home/marcus/Mindbender_BD/task16/src/main/scala/Steamhandler.scala"},"buildTarget":{"uri":"file:/home/marcus/Mindbender_BD/task16/#task16/Compile"},"diagnostics":[{"range":{"start":{"line":0,"character":11},"end":{"line":0,"character":12}},"severity":1,"source":"sbt","message":"object apache is not a member of package org"}],"reset":false})[0m
[0m[[0m[31merror[0m] [0m[0m/home/marcus/Mindbender_BD/task16/src/main/scala/Steamhandler.scala:1:12: object apache is not a member of package org[0m
[0m[[0m[31merror[0m] [0m[0mimport org.apache.spark.sql._[0m
[0m[[0m[31merror[0m] [0m[0m           ^[0m
[0m[[0m[0mdebug[0m] [0m[0mjsonRpcNotify: JsonRpcNotificationMessage(2.0, build/logMessage, {"type":1,"message":"/home/marcus/Mindbender_BD/task16/src/main/scala/Steamhandler.scala:1:12: object apache is not a member of package org"})[0m
[0m[[0m[0mdebug[0m] [0m[0mjsonRpcNotify: JsonRpcNotificationMessage(2.0, build/logMessage, {"type":1,"message":"import org.apache.spark.sql._"})[0m
[0m[[0m[0mdebug[0m] [0m[0mjsonRpcNotify: JsonRpcNotificationMessage(2.0, build/logMessage, {"type":1,"message":"           ^"})[0m
[0m[[0m[0mdebug[0m] [0m[0mjsonRpcNotify: JsonRpcNotificationMessage(2.0, build/publishDiagnostics, {"textDocument":{"uri":"file:///home/marcus/Mindbender_BD/task16/src/main/scala/Steamhandler.scala"},"buildTarget":{"uri":"file:/home/marcus/Mindbender_BD/task16/#task16/Compile"},"diagnostics":[{"range":{"start":{"line":1,"character":11},"end":{"line":1,"character":12}},"severity":1,"source":"sbt","message":"object apache is not a member of package org"}],"reset":false})[0m
[0m[[0m[31merror[0m] [0m[0m/home/marcus/Mindbender_BD/task16/src/main/scala/Steamhandler.scala:2:12: object apache is not a member of package org[0m
[0m[[0m[31merror[0m] [0m[0mimport org.apache.spark.sql.functions._[0m
[0m[[0m[31merror[0m] [0m[0m           ^[0m
[0m[[0m[0mdebug[0m] [0m[0mjsonRpcNotify: JsonRpcNotificationMessage(2.0, build/logMessage, {"type":1,"message":"/home/marcus/Mindbender_BD/task16/src/main/scala/Steamhandler.scala:2:12: object apache is not a member of package org"})[0m
[0m[[0m[0mdebug[0m] [0m[0mjsonRpcNotify: JsonRpcNotificationMessage(2.0, build/logMessage, {"type":1,"message":"import org.apache.spark.sql.functions._"})[0m
[0m[[0m[0mdebug[0m] [0m[0mjsonRpcNotify: JsonRpcNotificationMessage(2.0, build/logMessage, {"type":1,"message":"           ^"})[0m
[0m[[0m[0mdebug[0m] [0m[0mjsonRpcNotify: JsonRpcNotificationMessage(2.0, build/publishDiagnostics, {"textDocument":{"uri":"file:///home/marcus/Mindbender_BD/task16/src/main/scala/Steamhandler.scala"},"buildTarget":{"uri":"file:/home/marcus/Mindbender_BD/task16/#task16/Compile"},"diagnostics":[{"range":{"start":{"line":2,"character":11},"end":{"line":2,"character":12}},"severity":1,"source":"sbt","message":"object apache is not a member of package org"}],"reset":false})[0m
[0m[[0m[31merror[0m] [0m[0m/home/marcus/Mindbender_BD/task16/src/main/scala/Steamhandler.scala:3:12: object apache is not a member of package org[0m
[0m[[0m[31merror[0m] [0m[0mimport org.apache.spark.sql.streaming._[0m
[0m[[0m[31merror[0m] [0m[0m           ^[0m
[0m[[0m[0mdebug[0m] [0m[0mjsonRpcNotify: JsonRpcNotificationMessage(2.0, build/logMessage, {"type":1,"message":"/home/marcus/Mindbender_BD/task16/src/main/scala/Steamhandler.scala:3:12: object apache is not a member of package org"})[0m
[0m[[0m[0mdebug[0m] [0m[0mjsonRpcNotify: JsonRpcNotificationMessage(2.0, build/logMessage, {"type":1,"message":"import org.apache.spark.sql.streaming._"})[0m
[0m[[0m[0mdebug[0m] [0m[0mjsonRpcNotify: JsonRpcNotificationMessage(2.0, build/logMessage, {"type":1,"message":"           ^"})[0m
[0m[[0m[0mdebug[0m] [0m[0mjsonRpcNotify: JsonRpcNotificationMessage(2.0, build/publishDiagnostics, {"textDocument":{"uri":"file:///home/marcus/Mindbender_BD/task16/src/main/scala/Steamhandler.scala"},"buildTarget":{"uri":"file:/home/marcus/Mindbender_BD/task16/#task16/Compile"},"diagnostics":[{"range":{"start":{"line":3,"character":11},"end":{"line":3,"character":12}},"severity":1,"source":"sbt","message":"object apache is not a member of package org"}],"reset":false})[0m
[0m[[0m[31merror[0m] [0m[0m/home/marcus/Mindbender_BD/task16/src/main/scala/Steamhandler.scala:4:12: object apache is not a member of package org[0m
[0m[[0m[31merror[0m] [0m[0mimport org.apache.spark.sql.types._[0m
[0m[[0m[31merror[0m] [0m[0m           ^[0m
[0m[[0m[0mdebug[0m] [0m[0mjsonRpcNotify: JsonRpcNotificationMessage(2.0, build/logMessage, {"type":1,"message":"/home/marcus/Mindbender_BD/task16/src/main/scala/Steamhandler.scala:4:12: object apache is not a member of package org"})[0m
[0m[[0m[0mdebug[0m] [0m[0mjsonRpcNotify: JsonRpcNotificationMessage(2.0, build/logMessage, {"type":1,"message":"import org.apache.spark.sql.types._"})[0m
[0m[[0m[0mdebug[0m] [0m[0mjsonRpcNotify: JsonRpcNotificationMessage(2.0, build/logMessage, {"type":1,"message":"           ^"})[0m
[0m[[0m[0mdebug[0m] [0m[0mjsonRpcNotify: JsonRpcNotificationMessage(2.0, build/publishDiagnostics, {"textDocument":{"uri":"file:///home/marcus/Mindbender_BD/task16/src/main/scala/Steamhandler.scala"},"buildTarget":{"uri":"file:/home/marcus/Mindbender_BD/task16/#task16/Compile"},"diagnostics":[{"range":{"start":{"line":10,"character":20},"end":{"line":10,"character":21}},"severity":1,"source":"sbt","message":"not found: value SparkSession"}],"reset":false})[0m
[0m[[0m[31merror[0m] [0m[0m/home/marcus/Mindbender_BD/task16/src/main/scala/Steamhandler.scala:11:21: not found: value SparkSession[0m
[0m[[0m[31merror[0m] [0m[0m        val spark = SparkSession[0m
[0m[[0m[31merror[0m] [0m[0m                    ^[0m
[0m[[0m[0mdebug[0m] [0m[0mjsonRpcNotify: JsonRpcNotificationMessage(2.0, build/logMessage, {"type":1,"message":"/home/marcus/Mindbender_BD/task16/src/main/scala/Steamhandler.scala:11:21: not found: value SparkSession"})[0m
[0m[[0m[0mdebug[0m] [0m[0mjsonRpcNotify: JsonRpcNotificationMessage(2.0, build/logMessage, {"type":1,"message":"        val spark = SparkSession"})[0m
[0m[[0m[0mdebug[0m] [0m[0mjsonRpcNotify: JsonRpcNotificationMessage(2.0, build/logMessage, {"type":1,"message":"                    ^"})[0m
[0m[[0m[31merror[0m] [0m[0m5 errors found[0m
[0m[[0m[0mdebug[0m] [0m[0mjsonRpcNotify: JsonRpcNotificationMessage(2.0, build/logMessage, {"type":1,"message":"5 errors found"})[0m
[0m[[0m[0mdebug[0m] [0m[0mjsonRpcNotify: JsonRpcNotificationMessage(2.0, build/publishDiagnostics, {"textDocument":{"uri":"file:///home/marcus/Mindbender_BD/task16/src/main/scala/Steamhandler.scala"},"buildTarget":{"uri":"file:/home/marcus/Mindbender_BD/task16/#task16/Compile"},"diagnostics":[{"range":{"start":{"line":0,"character":11},"end":{"line":0,"character":12}},"severity":1,"source":"sbt","message":"object apache is not a member of package org"},{"range":{"start":{"line":1,"character":11},"end":{"line":1,"character":12}},"severity":1,"source":"sbt","message":"object apache is not a member of package org"},{"range":{"start":{"line":2,"character":11},"end":{"line":2,"character":12}},"severity":1,"source":"sbt","message":"object apache is not a member of package org"},{"range":{"start":{"line":3,"character":11},"end":{"line":3,"character":12}},"severity":1,"source":"sbt","message":"object apache is not a member of package org"},{"range":{"start":{"line":10,"character":20},"end":{"line":10,"character":21}},"severity":1,"source":"sbt","message":"not found: value SparkSession"}],"reset":true})[0m
[0m[[0m[0mdebug[0m] [0m[0mjsonRpcNotify: JsonRpcNotificationMessage(2.0, build/taskFinish, {"taskId":{"id":"39","parents":[]},"eventTime":1606955136374,"message":"Compiled task16","status":2,"dataKind":"compile-report","data":{"target":{"uri":"file:/home/marcus/Mindbender_BD/task16/#task16/Compile"},"errors":5,"warnings":0,"time":117}})[0m
[0m[[0m[31merror[0m] [0m[0m(Compile / [31mcompileIncremental[0m) Compilation failed[0m
[0m[[0m[0mdebug[0m] [0m[0mjsonRpcNotify: JsonRpcNotificationMessage(2.0, build/logMessage, {"type":1,"message":"(Compile / \u001b[31mcompileIncremental\u001b[0m) Compilation failed"})[0m
[0m[[0m[31merror[0m] [0m[0mTotal time: 0 s, completed Dec 2, 2020 7:25:36 PM[0m
[0m[[0m[0mdebug[0m] [0m[0mjsonRpcNotify: JsonRpcNotificationMessage(2.0, build/logMessage, {"type":4,"message":"Done"})[0m
[0m[[0m[0mdebug[0m] [0m[0m> Exec(shell, None, None)[0m
[0m[[0m[0mdebug[0m] [0m[0mForcing garbage collection...[0m
