[0m[[0m[0mdebug[0m] [0m[0m> Exec(;Test/compile; collectAnalyses, None, Some(CommandSource(network-2)))[0m
[0m[[0m[0mdebug[0m] [0m[0mjsonRpcNotify: JsonRpcNotificationMessage(2.0, build/logMessage, {"type":4,"message":"Processing"})[0m
[0m[[0m[0mdebug[0m] [0m[0mjsonRpcNotify: JsonRpcNotificationMessage(2.0, build/logMessage, {"type":4,"message":"Done"})[0m
[0m[[0m[0mdebug[0m] [0m[0m> Exec(Test/compile, None, Some(CommandSource(network-2)))[0m
[0m[[0m[0mdebug[0m] [0m[0mjsonRpcNotify: JsonRpcNotificationMessage(2.0, build/logMessage, {"type":4,"message":"Processing"})[0m
[0m[[0m[0mdebug[0m] [0m[0mEvaluating tasks: Test / compile[0m
[0m[[0m[0mdebug[0m] [0m[0mRunning task... Cancel: Signal, check cycles: false, forcegc: true[0m
[0m[[0m[0mdebug[0m] [0m[0mlsp-definition json request: {"textDocument":{"uri":"file:///home/marcus/Mindbender_BD/task16/src/main/scala/Steamhandler.scala"},"position":{"line":23,"character":67}}[0m
[0m[[0m[0mdebug[0m] [0m[0mlsp-definition found line:             .config("spark.mongodb.input.uri", "mongodb://l192.168.0.107/test.myCollection")[0m
[0m[[0m[0minfo[0m] [0m[0mSymbol not found in definition request {"textDocument":{"uri":"file:///home/marcus/Mindbender_BD/task16/src/main/scala/Steamhandler.scala"},"position":{"line":23,"character":67}}[0m
[0m[[0m[0mdebug[0m] [0m[0mjsonRpcNotify: JsonRpcNotificationMessage(2.0, build/taskStart, {"taskId":{"id":"109","parents":[]},"eventTime":1607030834807,"message":"Compiling task16","dataKind":"compile-task","data":{"target":{"uri":"file:/home/marcus/Mindbender_BD/task16/#task16/Compile"}}})[0m
[0m[[0m[0minfo[0m] [0m[0mcompiling 1 Scala source to /home/marcus/Mindbender_BD/task16/target/scala-2.11/classes ...[0m
[0m[[0m[0mdebug[0m] [0m[0mjsonRpcNotify: JsonRpcNotificationMessage(2.0, build/logMessage, {"type":3,"message":"compiling 1 Scala source to /home/marcus/Mindbender_BD/task16/target/scala-2.11/classes ..."})[0m
[0m[[0m[0mdebug[0m] [0m[0mjsonRpcNotify: JsonRpcNotificationMessage(2.0, build/publishDiagnostics, {"textDocument":{"uri":"file:///home/marcus/Mindbender_BD/task16/src/main/scala/Steamhandler.scala"},"buildTarget":{"uri":"file:/home/marcus/Mindbender_BD/task16/#task16/Compile"},"diagnostics":[],"reset":true})[0m
[0m[[0m[0mdebug[0m] [0m[0mjsonRpcNotify: JsonRpcNotificationMessage(2.0, build/taskFinish, {"taskId":{"id":"109","parents":[]},"eventTime":1607030835759,"message":"Compiled task16","status":1,"dataKind":"compile-report","data":{"target":{"uri":"file:/home/marcus/Mindbender_BD/task16/#task16/Compile"},"errors":0,"warnings":0,"time":952}})[0m
[0m[[0m[0mdebug[0m] [0m[0mjsonRpcNotify: JsonRpcNotificationMessage(2.0, build/taskStart, {"taskId":{"id":"110","parents":[]},"eventTime":1607030835773,"message":"Compiling task16-test","dataKind":"compile-task","data":{"target":{"uri":"file:/home/marcus/Mindbender_BD/task16/#task16/Test"}}})[0m
[0m[[0m[0mdebug[0m] [0m[0mjsonRpcNotify: JsonRpcNotificationMessage(2.0, build/taskFinish, {"taskId":{"id":"110","parents":[]},"eventTime":1607030835793,"message":"Compiled task16-test","status":1,"dataKind":"compile-report","data":{"target":{"uri":"file:/home/marcus/Mindbender_BD/task16/#task16/Test"},"errors":0,"warnings":0,"time":20}})[0m
[0m[[0m[0mdebug[0m] [0m[0mForcing garbage collection...[0m
[0m[[0m[32msuccess[0m] [0m[0mTotal time: 2 s, completed Dec 3, 2020 4:27:16 PM[0m
[0m[[0m[0mdebug[0m] [0m[0mjsonRpcNotify: JsonRpcNotificationMessage(2.0, build/logMessage, {"type":4,"message":"Done"})[0m
[0m[[0m[0mdebug[0m] [0m[0m> Exec(collectAnalyses, None, Some(CommandSource(network-2)))[0m
[0m[[0m[0mdebug[0m] [0m[0mjsonRpcNotify: JsonRpcNotificationMessage(2.0, build/logMessage, {"type":4,"message":"Processing"})[0m
[0m[[0m[0mdebug[0m] [0m[0mEvaluating tasks: Compile / collectAnalyses[0m
[0m[[0m[0mdebug[0m] [0m[0mRunning task... Cancel: Signal, check cycles: false, forcegc: true[0m
[0m[[0m[0mdebug[0m] [0m[0manalysis location (/home/marcus/Mindbender_BD/task16/target/scala-2.11/zinc/inc_compile_2.11.zip,true)[0m
[0m[[0m[32msuccess[0m] [0m[0mTotal time: 0 s, completed Dec 3, 2020 4:27:16 PM[0m
[0m[[0m[0mdebug[0m] [0m[0mjsonRpcNotify: JsonRpcNotificationMessage(2.0, build/logMessage, {"type":4,"message":"Done"})[0m
[0m[[0m[0mdebug[0m] [0m[0m> Exec(shell, None, None)[0m
